build/app/intermediates/manifest_merge_blame_file/release/manifest-merger-blame-release-report.txt
1<?xml version="1.0" encoding="utf-8"?>
2<manifest xmlns:android="http://schemas.android.com/apk/res/android"
3    package="com.gulaeats.app"
4    android:versionCode="5"
5    android:versionName="1.2.0" >
6
7    <uses-sdk
8        android:minSdkVersion="21"
8-->src/main/AndroidManifest.xml
9        android:targetSdkVersion="29" />
9-->src/main/AndroidManifest.xml
10
11    <uses-permission android:name="android.permission.INTERNET" />
11-->src/main/AndroidManifest.xml:4:5-66
11-->src/main/AndroidManifest.xml:4:22-64
12    <uses-permission android:name="android.permission.ACCESS_FINE_LOCATION" />
12-->src/main/AndroidManifest.xml:5:5-78
12-->src/main/AndroidManifest.xml:5:22-76
13    <uses-permission android:name="android.permission.ACCESS_COARSE_LOCATION" />
13-->src/main/AndroidManifest.xml:6:5-80
13-->src/main/AndroidManifest.xml:6:22-78
14    <uses-permission android:name="android.permission.ACCESS_NETWORK_STATE" />
14-->[com.google.android.gms:play-services-measurement-api:17.4.1] AndroidManifest.xml:23:5-79
14-->[com.google.android.gms:play-services-measurement-api:17.4.1] AndroidManifest.xml:23:22-76
15    <uses-permission android:name="android.permission.WAKE_LOCK" /> <!-- Required by older versions of Google Play services to create IID tokens -->
15-->[com.google.android.gms:play-services-measurement-api:17.4.1] AndroidManifest.xml:24:5-68
15-->[com.google.android.gms:play-services-measurement-api:17.4.1] AndroidManifest.xml:24:22-65
16    <uses-permission android:name="com.google.android.c2dm.permission.RECEIVE" />
16-->[com.google.firebase:firebase-iid:20.1.7] AndroidManifest.xml:26:5-82
16-->[com.google.firebase:firebase-iid:20.1.7] AndroidManifest.xml:26:22-79
17    <uses-permission android:name="com.google.android.finsky.permission.BIND_GET_INSTALL_REFERRER_SERVICE" />
17-->[com.google.android.gms:play-services-measurement:17.4.1] AndroidManifest.xml:26:5-110
17-->[com.google.android.gms:play-services-measurement:17.4.1] AndroidManifest.xml:26:22-107
18
19    <uses-feature
19-->[com.google.android.gms:play-services-maps:17.0.0] AndroidManifest.xml:26:5-28:35
20        android:glEsVersion="0x00020000"
20-->[com.google.android.gms:play-services-maps:17.0.0] AndroidManifest.xml:27:9-41
21        android:required="true" />
21-->[com.google.android.gms:play-services-maps:17.0.0] AndroidManifest.xml:28:9-32
22    <!--
23 io.flutter.app.FlutterApplication is an android.app.Application that
24         calls FlutterMain.startInitialization(this); in its onCreate method.
25         In most cases you can leave this as-is, but you if you want to provide
26         additional functionality it is fine to subclass or reimplement
27         FlutterApplication and put your custom class here.
28         android:value="AIzaSyAT07iMlfZ9bJt1gmGj9KhJDLFY8srI6dA"
29    -->
30    <application
30-->src/main/AndroidManifest.xml:14:5-48:19
31        android:name="com.gulaeats.app.Application"
31-->src/main/AndroidManifest.xml:15:9-36
32        android:appComponentFactory="androidx.core.app.CoreComponentFactory"
32-->[androidx.core:core:1.2.0] AndroidManifest.xml:24:18-86
33        android:icon="@mipmap/launcher_icon"
33-->src/main/AndroidManifest.xml:17:9-45
34        android:label="Gula Eats" >
34-->src/main/AndroidManifest.xml:16:9-34
35        <meta-data
35-->src/main/AndroidManifest.xml:19:9-20:77
36            android:name="com.google.android.geo.API_KEY"
36-->src/main/AndroidManifest.xml:19:20-65
37            android:value="AIzaSyCm0CRu9TdSzxZxF7JOrxJfRm8fJXtgb3k" />
37-->src/main/AndroidManifest.xml:20:20-75
38        <meta-data
38-->src/main/AndroidManifest.xml:22:9-24:62
39            android:name="com.google.firebase.messaging.default_notification_icon"
39-->src/main/AndroidManifest.xml:23:17-87
40            android:resource="@mipmap/ic_notification" />
40-->src/main/AndroidManifest.xml:24:17-59
41
42        <activity
42-->src/main/AndroidManifest.xml:25:9-47:20
43            android:name="com.gulaeats.app.MainActivity"
43-->src/main/AndroidManifest.xml:26:13-41
44            android:configChanges="orientation|keyboardHidden|keyboard|screenSize|locale|layoutDirection|fontScale|screenLayout|density|uiMode"
44-->src/main/AndroidManifest.xml:29:13-144
45            android:hardwareAccelerated="true"
45-->src/main/AndroidManifest.xml:30:13-47
46            android:launchMode="singleTop"
46-->src/main/AndroidManifest.xml:27:13-43
47            android:theme="@style/LaunchTheme"
47-->src/main/AndroidManifest.xml:28:13-47
48            android:windowSoftInputMode="adjustResize" >
48-->src/main/AndroidManifest.xml:31:13-55
49
50            <!--
51                 This keeps the window background of the activity showing
52                 until Flutter renders its first frame. It can be removed if
53                 there is no splash screen (such as the default splash screen
54                 defined in @style/LaunchTheme).
55            -->
56            <meta-data
56-->src/main/AndroidManifest.xml:36:13-38:40
57                android:name="io.flutter.app.android.SplashScreenUntilFirstFrame"
57-->src/main/AndroidManifest.xml:37:17-82
58                android:value="true" />
58-->src/main/AndroidManifest.xml:38:17-37
59
60            <intent-filter>
60-->src/main/AndroidManifest.xml:39:13-42:29
61                <action android:name="android.intent.action.MAIN" />
61-->src/main/AndroidManifest.xml:40:17-68
61-->src/main/AndroidManifest.xml:40:25-66
62
63                <category android:name="android.intent.category.LAUNCHER" />
63-->src/main/AndroidManifest.xml:41:17-76
63-->src/main/AndroidManifest.xml:41:27-74
64            </intent-filter>
65            <intent-filter>
65-->src/main/AndroidManifest.xml:43:13-46:29
66                <action android:name="FLUTTER_NOTIFICATION_CLICK" />
66-->src/main/AndroidManifest.xml:44:17-69
66-->src/main/AndroidManifest.xml:44:25-66
67
68                <category android:name="android.intent.category.DEFAULT" />
68-->src/main/AndroidManifest.xml:45:17-76
68-->src/main/AndroidManifest.xml:45:27-73
69            </intent-filter>
70        </activity>
71
72        <service android:name="io.flutter.plugins.firebasemessaging.FlutterFirebaseMessagingService" >
72-->[:firebase_messaging] AndroidManifest.xml:8:9-12:19
72-->[:firebase_messaging] AndroidManifest.xml:8:18-101
73            <intent-filter>
73-->[:firebase_messaging] AndroidManifest.xml:9:13-11:29
74                <action android:name="com.google.firebase.MESSAGING_EVENT" />
74-->[:firebase_messaging] AndroidManifest.xml:10:17-78
74-->[:firebase_messaging] AndroidManifest.xml:10:25-75
75            </intent-filter>
76        </service>
77        <service
77-->[:firebase_messaging] AndroidManifest.xml:13:9-17:19
78            android:name="com.google.firebase.components.ComponentDiscoveryService"
78-->[:firebase_messaging] AndroidManifest.xml:13:18-89
79            android:directBootAware="true"
79-->[com.google.firebase:firebase-common:19.3.0] AndroidManifest.xml:34:13-43
80            android:exported="false" >
80-->[com.google.firebase:firebase-messaging:20.1.7] AndroidManifest.xml:37:13-37
81            <meta-data
81-->[:firebase_messaging] AndroidManifest.xml:14:13-16:85
82                android:name="com.google.firebase.components:io.flutter.plugins.firebasemessaging.FlutterFirebaseAppRegistrar"
82-->[:firebase_messaging] AndroidManifest.xml:15:17-127
83                android:value="com.google.firebase.components.ComponentRegistrar" />
83-->[:firebase_messaging] AndroidManifest.xml:16:17-82
84            <meta-data
84-->[:firebase_core] AndroidManifest.xml:9:13-11:85
85                android:name="com.google.firebase.components:io.flutter.plugins.firebase.core.FlutterFirebaseCoreRegistrar"
85-->[:firebase_core] AndroidManifest.xml:10:17-124
86                android:value="com.google.firebase.components.ComponentRegistrar" />
86-->[:firebase_core] AndroidManifest.xml:11:17-82
87            <meta-data
87-->[com.google.firebase:firebase-messaging:20.1.7] AndroidManifest.xml:38:13-40:85
88                android:name="com.google.firebase.components:com.google.firebase.messaging.FirebaseMessagingRegistrar"
88-->[com.google.firebase:firebase-messaging:20.1.7] AndroidManifest.xml:39:17-119
89                android:value="com.google.firebase.components.ComponentRegistrar" />
89-->[com.google.firebase:firebase-messaging:20.1.7] AndroidManifest.xml:40:17-82
90            <meta-data
90-->[com.google.android.gms:play-services-measurement-api:17.4.1] AndroidManifest.xml:30:13-32:85
91                android:name="com.google.firebase.components:com.google.firebase.analytics.connector.internal.AnalyticsConnectorRegistrar"
91-->[com.google.android.gms:play-services-measurement-api:17.4.1] AndroidManifest.xml:31:17-139
92                android:value="com.google.firebase.components.ComponentRegistrar" />
92-->[com.google.android.gms:play-services-measurement-api:17.4.1] AndroidManifest.xml:32:17-82
93            <meta-data
93-->[com.google.firebase:firebase-iid:20.1.7] AndroidManifest.xml:32:13-34:85
94                android:name="com.google.firebase.components:com.google.firebase.iid.Registrar"
94-->[com.google.firebase:firebase-iid:20.1.7] AndroidManifest.xml:33:17-96
95                android:value="com.google.firebase.components.ComponentRegistrar" />
95-->[com.google.firebase:firebase-iid:20.1.7] AndroidManifest.xml:34:17-82
96            <meta-data
96-->[com.google.firebase:firebase-datatransport:17.0.3] AndroidManifest.xml:28:13-30:85
97                android:name="com.google.firebase.components:com.google.firebase.datatransport.TransportRegistrar"
97-->[com.google.firebase:firebase-datatransport:17.0.3] AndroidManifest.xml:29:17-115
98                android:value="com.google.firebase.components.ComponentRegistrar" />
98-->[com.google.firebase:firebase-datatransport:17.0.3] AndroidManifest.xml:30:17-82
99            <meta-data
99-->[com.google.firebase:firebase-installations:16.3.0] AndroidManifest.xml:17:13-19:85
100                android:name="com.google.firebase.components:com.google.firebase.installations.FirebaseInstallationsRegistrar"
100-->[com.google.firebase:firebase-installations:16.3.0] AndroidManifest.xml:18:17-127
101                android:value="com.google.firebase.components.ComponentRegistrar" />
101-->[com.google.firebase:firebase-installations:16.3.0] AndroidManifest.xml:19:17-82
102        </service>
103        <!--
104             FirebaseMessagingService performs security checks at runtime,
105             but set to not exported to explicitly avoid allowing another app to call it.
106        -->
107        <service
107-->[com.google.firebase:firebase-messaging:20.1.7] AndroidManifest.xml:28:9-34:19
108            android:name="com.google.firebase.messaging.FirebaseMessagingService"
108-->[com.google.firebase:firebase-messaging:20.1.7] AndroidManifest.xml:29:13-82
109            android:exported="false" >
109-->[com.google.firebase:firebase-messaging:20.1.7] AndroidManifest.xml:30:13-37
110            <intent-filter android:priority="-500" >
110-->[:firebase_messaging] AndroidManifest.xml:9:13-11:29
111                <action android:name="com.google.firebase.MESSAGING_EVENT" />
111-->[:firebase_messaging] AndroidManifest.xml:10:17-78
111-->[:firebase_messaging] AndroidManifest.xml:10:25-75
112            </intent-filter>
113        </service>
114
115        <receiver
115-->[com.google.firebase:firebase-iid:20.1.7] AndroidManifest.xml:37:9-44:20
116            android:name="com.google.firebase.iid.FirebaseInstanceIdReceiver"
116-->[com.google.firebase:firebase-iid:20.1.7] AndroidManifest.xml:38:13-78
117            android:exported="true"
117-->[com.google.firebase:firebase-iid:20.1.7] AndroidManifest.xml:39:13-36
118            android:permission="com.google.android.c2dm.permission.SEND" >
118-->[com.google.firebase:firebase-iid:20.1.7] AndroidManifest.xml:40:13-73
119            <intent-filter>
119-->[com.google.firebase:firebase-iid:20.1.7] AndroidManifest.xml:41:13-43:29
120                <action android:name="com.google.android.c2dm.intent.RECEIVE" />
120-->[com.google.firebase:firebase-iid:20.1.7] AndroidManifest.xml:42:17-81
120-->[com.google.firebase:firebase-iid:20.1.7] AndroidManifest.xml:42:25-78
121            </intent-filter>
122        </receiver>
123        <receiver
123-->[com.google.android.gms:play-services-measurement:17.4.1] AndroidManifest.xml:29:9-33:20
124            android:name="com.google.android.gms.measurement.AppMeasurementReceiver"
124-->[com.google.android.gms:play-services-measurement:17.4.1] AndroidManifest.xml:30:13-85
125            android:enabled="true"
125-->[com.google.android.gms:play-services-measurement:17.4.1] AndroidManifest.xml:31:13-35
126            android:exported="false" >
126-->[com.google.android.gms:play-services-measurement:17.4.1] AndroidManifest.xml:32:13-37
127        </receiver>
128
129        <service
129-->[com.google.android.gms:play-services-measurement:17.4.1] AndroidManifest.xml:35:9-38:40
130            android:name="com.google.android.gms.measurement.AppMeasurementService"
130-->[com.google.android.gms:play-services-measurement:17.4.1] AndroidManifest.xml:36:13-84
131            android:enabled="true"
131-->[com.google.android.gms:play-services-measurement:17.4.1] AndroidManifest.xml:37:13-35
132            android:exported="false" />
132-->[com.google.android.gms:play-services-measurement:17.4.1] AndroidManifest.xml:38:13-37
133        <service
133-->[com.google.android.gms:play-services-measurement:17.4.1] AndroidManifest.xml:39:9-43:72
134            android:name="com.google.android.gms.measurement.AppMeasurementJobService"
134-->[com.google.android.gms:play-services-measurement:17.4.1] AndroidManifest.xml:40:13-87
135            android:enabled="true"
135-->[com.google.android.gms:play-services-measurement:17.4.1] AndroidManifest.xml:41:13-35
136            android:exported="false"
136-->[com.google.android.gms:play-services-measurement:17.4.1] AndroidManifest.xml:42:13-37
137            android:permission="android.permission.BIND_JOB_SERVICE" />
137-->[com.google.android.gms:play-services-measurement:17.4.1] AndroidManifest.xml:43:13-69
138
139        <activity
139-->[:flutter_inappbrowser] AndroidManifest.xml:8:9-11:47
140            android:name="com.pichillilorenzo.flutter_inappbrowser.InAppBrowserActivity"
140-->[:flutter_inappbrowser] AndroidManifest.xml:9:13-89
141            android:configChanges="orientation|screenSize"
141-->[:flutter_inappbrowser] AndroidManifest.xml:10:13-59
142            android:theme="@style/AppTheme" />
142-->[:flutter_inappbrowser] AndroidManifest.xml:11:13-44
143        <activity
143-->[:flutter_inappbrowser] AndroidManifest.xml:12:9-15:55
144            android:name="com.pichillilorenzo.flutter_inappbrowser.ChromeCustomTabs.ChromeCustomTabsActivity"
144-->[:flutter_inappbrowser] AndroidManifest.xml:13:13-110
145            android:configChanges="orientation|screenSize"
145-->[:flutter_inappbrowser] AndroidManifest.xml:14:13-59
146            android:theme="@style/ThemeTransparent" />
146-->[:flutter_inappbrowser] AndroidManifest.xml:15:13-52
147        <activity
147-->[:url_launcher] AndroidManifest.xml:8:9-11:74
148            android:name="io.flutter.plugins.urllauncher.WebViewActivity"
148-->[:url_launcher] AndroidManifest.xml:9:13-74
149            android:exported="false"
149-->[:url_launcher] AndroidManifest.xml:10:13-37
150            android:theme="@android:style/Theme.NoTitleBar.Fullscreen" />
150-->[:url_launcher] AndroidManifest.xml:11:13-71
151
152        <service
152-->[com.google.android.datatransport:transport-backend-cct:2.2.0] AndroidManifest.xml:29:9-35:19
153            android:name="com.google.android.datatransport.runtime.backends.TransportBackendDiscovery"
153-->[com.google.android.datatransport:transport-backend-cct:2.2.0] AndroidManifest.xml:30:13-103
154            android:exported="false" >
154-->[com.google.android.datatransport:transport-backend-cct:2.2.0] AndroidManifest.xml:31:13-37
155            <meta-data
155-->[com.google.android.datatransport:transport-backend-cct:2.2.0] AndroidManifest.xml:32:13-34:39
156                android:name="backend:com.google.android.datatransport.cct.CctBackendFactory"
156-->[com.google.android.datatransport:transport-backend-cct:2.2.0] AndroidManifest.xml:33:17-94
157                android:value="cct" />
157-->[com.google.android.datatransport:transport-backend-cct:2.2.0] AndroidManifest.xml:34:17-36
158        </service>
159        <service
159-->[com.google.android.datatransport:transport-runtime:2.2.0] AndroidManifest.xml:26:9-30:19
160            android:name="com.google.android.datatransport.runtime.scheduling.jobscheduling.JobInfoSchedulerService"
160-->[com.google.android.datatransport:transport-runtime:2.2.0] AndroidManifest.xml:27:13-117
161            android:exported="false"
161-->[com.google.android.datatransport:transport-runtime:2.2.0] AndroidManifest.xml:28:13-37
162            android:permission="android.permission.BIND_JOB_SERVICE" >
162-->[com.google.android.datatransport:transport-runtime:2.2.0] AndroidManifest.xml:29:13-69
163        </service>
164
165        <receiver
165-->[com.google.android.datatransport:transport-runtime:2.2.0] AndroidManifest.xml:32:9-34:40
166            android:name="com.google.android.datatransport.runtime.scheduling.jobscheduling.AlarmManagerSchedulerBroadcastReceiver"
166-->[com.google.android.datatransport:transport-runtime:2.2.0] AndroidManifest.xml:33:13-132
167            android:exported="false" />
167-->[com.google.android.datatransport:transport-runtime:2.2.0] AndroidManifest.xml:34:13-37
168
169        <provider
169-->[com.google.firebase:firebase-common:19.3.0] AndroidManifest.xml:26:9-30:39
170            android:name="com.google.firebase.provider.FirebaseInitProvider"
170-->[com.google.firebase:firebase-common:19.3.0] AndroidManifest.xml:27:13-77
171            android:authorities="com.gulaeats.app.firebaseinitprovider"
171-->[com.google.firebase:firebase-common:19.3.0] AndroidManifest.xml:28:13-72
172            android:exported="false"
172-->[com.google.firebase:firebase-common:19.3.0] AndroidManifest.xml:29:13-37
173            android:initOrder="100" /> <!-- Needs to be explicitly declared on P+ -->
173-->[com.google.firebase:firebase-common:19.3.0] AndroidManifest.xml:30:13-36
174        <uses-library
174-->[com.google.android.gms:play-services-maps:17.0.0] AndroidManifest.xml:33:9-35:40
175            android:name="org.apache.http.legacy"
175-->[com.google.android.gms:play-services-maps:17.0.0] AndroidManifest.xml:34:13-50
176            android:required="false" />
176-->[com.google.android.gms:play-services-maps:17.0.0] AndroidManifest.xml:35:13-37
177
178        <activity
178-->[com.google.android.gms:play-services-base:17.2.1] AndroidManifest.xml:23:9-26:75
179            android:name="com.google.android.gms.common.api.GoogleApiActivity"
179-->[com.google.android.gms:play-services-base:17.2.1] AndroidManifest.xml:24:13-79
180            android:exported="false"
180-->[com.google.android.gms:play-services-base:17.2.1] AndroidManifest.xml:25:13-37
181            android:theme="@android:style/Theme.Translucent.NoTitleBar" />
181-->[com.google.android.gms:play-services-base:17.2.1] AndroidManifest.xml:26:13-72
182
183        <meta-data
183-->[com.google.android.gms:play-services-basement:17.2.1] AndroidManifest.xml:23:9-25:69
184            android:name="com.google.android.gms.version"
184-->[com.google.android.gms:play-services-basement:17.2.1] AndroidManifest.xml:24:13-58
185            android:value="@integer/google_play_services_version" />
185-->[com.google.android.gms:play-services-basement:17.2.1] AndroidManifest.xml:25:13-66
186    </application>
187
188</manifest>